00:05:33.381 INFO c.s.zk.controller.ListeCtrl (ListeCtrl.java:370) - tous les mots
00:05:33.578 INFO c.s.zk.controller.ListeCtrl (ListeCtrl.java:370) - tous les mots
00:16:34.733 INFO c.s.zk.controller.ListeCtrl (ListeCtrl.java:370) - tous les mots
00:16:34.950 INFO c.s.zk.controller.ListeCtrl (ListeCtrl.java:370) - tous les mots
00:27:36.221 INFO c.s.zk.controller.ListeCtrl (ListeCtrl.java:370) - tous les mots
00:27:36.424 INFO c.s.zk.controller.ListeCtrl (ListeCtrl.java:370) - tous les mots
00:38:37.845 INFO c.s.zk.controller.ListeCtrl (ListeCtrl.java:370) - tous les mots
00:38:38.251 INFO c.s.zk.controller.ListeCtrl (ListeCtrl.java:370) - tous les mots
00:49:39.909 INFO c.s.zk.controller.ListeCtrl (ListeCtrl.java:370) - tous les mots
00:49:40.120 INFO c.s.zk.controller.ListeCtrl (ListeCtrl.java:370) - tous les mots
01:00:41.224 INFO c.s.zk.controller.ListeCtrl (ListeCtrl.java:370) - tous les mots
01:00:41.429 INFO c.s.zk.controller.ListeCtrl (ListeCtrl.java:370) - tous les mots
01:11:42.586 INFO c.s.zk.controller.ListeCtrl (ListeCtrl.java:370) - tous les mots
01:11:42.795 INFO c.s.zk.controller.ListeCtrl (ListeCtrl.java:370) - tous les mots
01:22:43.816 INFO c.s.zk.controller.ListeCtrl (ListeCtrl.java:370) - tous les mots
01:22:44.025 INFO c.s.zk.controller.ListeCtrl (ListeCtrl.java:370) - tous les mots
01:33:45.277 INFO c.s.zk.controller.ListeCtrl (ListeCtrl.java:370) - tous les mots
01:33:45.479 INFO c.s.zk.controller.ListeCtrl (ListeCtrl.java:370) - tous les mots
01:44:46.652 INFO c.s.zk.controller.ListeCtrl (ListeCtrl.java:370) - tous les mots
01:44:46.855 INFO c.s.zk.controller.ListeCtrl (ListeCtrl.java:370) - tous les mots
01:55:47.910 INFO c.s.zk.controller.ListeCtrl (ListeCtrl.java:370) - tous les mots
01:55:48.147 INFO c.s.zk.controller.ListeCtrl (ListeCtrl.java:370) - tous les mots
02:06:49.283 INFO c.s.zk.controller.ListeCtrl (ListeCtrl.java:370) - tous les mots
02:06:49.479 INFO c.s.zk.controller.ListeCtrl (ListeCtrl.java:370) - tous les mots
02:17:50.569 INFO c.s.zk.controller.ListeCtrl (ListeCtrl.java:370) - tous les mots
02:17:50.769 INFO c.s.zk.controller.ListeCtrl (ListeCtrl.java:370) - tous les mots
02:28:52.130 INFO c.s.zk.controller.ListeCtrl (ListeCtrl.java:370) - tous les mots
02:28:52.325 INFO c.s.zk.controller.ListeCtrl (ListeCtrl.java:370) - tous les mots
02:39:53.362 INFO c.s.zk.controller.ListeCtrl (ListeCtrl.java:370) - tous les mots
02:39:53.586 INFO c.s.zk.controller.ListeCtrl (ListeCtrl.java:370) - tous les mots
02:50:54.650 INFO c.s.zk.controller.ListeCtrl (ListeCtrl.java:370) - tous les mots
02:50:54.848 INFO c.s.zk.controller.ListeCtrl (ListeCtrl.java:370) - tous les mots
03:01:55.882 INFO c.s.zk.controller.ListeCtrl (ListeCtrl.java:370) - tous les mots
03:01:56.097 INFO c.s.zk.controller.ListeCtrl (ListeCtrl.java:370) - tous les mots
03:12:57.076 INFO c.s.zk.controller.ListeCtrl (ListeCtrl.java:370) - tous les mots
03:12:57.276 INFO c.s.zk.controller.ListeCtrl (ListeCtrl.java:370) - tous les mots
03:23:58.264 INFO c.s.zk.controller.ListeCtrl (ListeCtrl.java:370) - tous les mots
03:23:58.484 INFO c.s.zk.controller.ListeCtrl (ListeCtrl.java:370) - tous les mots
03:34:59.424 INFO c.s.zk.controller.ListeCtrl (ListeCtrl.java:370) - tous les mots
03:34:59.619 INFO c.s.zk.controller.ListeCtrl (ListeCtrl.java:370) - tous les mots
03:46:00.684 INFO c.s.zk.controller.ListeCtrl (ListeCtrl.java:370) - tous les mots
03:46:00.881 INFO c.s.zk.controller.ListeCtrl (ListeCtrl.java:370) - tous les mots
03:57:01.830 INFO c.s.zk.controller.ListeCtrl (ListeCtrl.java:370) - tous les mots
03:57:02.040 INFO c.s.zk.controller.ListeCtrl (ListeCtrl.java:370) - tous les mots
04:08:03.051 INFO c.s.zk.controller.ListeCtrl (ListeCtrl.java:370) - tous les mots
04:08:03.263 INFO c.s.zk.controller.ListeCtrl (ListeCtrl.java:370) - tous les mots
04:19:04.289 INFO c.s.zk.controller.ListeCtrl (ListeCtrl.java:370) - tous les mots
04:19:04.489 INFO c.s.zk.controller.ListeCtrl (ListeCtrl.java:370) - tous les mots
04:30:05.538 INFO c.s.zk.controller.ListeCtrl (ListeCtrl.java:370) - tous les mots
04:30:05.792 INFO c.s.zk.controller.ListeCtrl (ListeCtrl.java:370) - tous les mots
04:41:06.874 INFO c.s.zk.controller.ListeCtrl (ListeCtrl.java:370) - tous les mots
04:41:07.079 INFO c.s.zk.controller.ListeCtrl (ListeCtrl.java:370) - tous les mots
04:52:08.012 INFO c.s.zk.controller.ListeCtrl (ListeCtrl.java:370) - tous les mots
04:52:08.221 INFO c.s.zk.controller.ListeCtrl (ListeCtrl.java:370) - tous les mots
05:03:09.284 INFO c.s.zk.controller.ListeCtrl (ListeCtrl.java:370) - tous les mots
05:03:09.505 INFO c.s.zk.controller.ListeCtrl (ListeCtrl.java:370) - tous les mots
05:14:10.649 INFO c.s.zk.controller.ListeCtrl (ListeCtrl.java:370) - tous les mots
05:14:10.847 INFO c.s.zk.controller.ListeCtrl (ListeCtrl.java:370) - tous les mots
05:25:11.813 INFO c.s.zk.controller.ListeCtrl (ListeCtrl.java:370) - tous les mots
05:25:12.017 INFO c.s.zk.controller.ListeCtrl (ListeCtrl.java:370) - tous les mots
05:36:12.996 INFO c.s.zk.controller.ListeCtrl (ListeCtrl.java:370) - tous les mots
05:36:13.193 INFO c.s.zk.controller.ListeCtrl (ListeCtrl.java:370) - tous les mots
05:47:14.130 INFO c.s.zk.controller.ListeCtrl (ListeCtrl.java:370) - tous les mots
05:47:14.381 INFO c.s.zk.controller.ListeCtrl (ListeCtrl.java:370) - tous les mots
05:58:15.476 INFO c.s.zk.controller.ListeCtrl (ListeCtrl.java:370) - tous les mots
05:58:15.672 INFO c.s.zk.controller.ListeCtrl (ListeCtrl.java:370) - tous les mots
06:09:16.622 INFO c.s.zk.controller.ListeCtrl (ListeCtrl.java:370) - tous les mots
06:09:16.832 INFO c.s.zk.controller.ListeCtrl (ListeCtrl.java:370) - tous les mots
06:20:17.763 INFO c.s.zk.controller.ListeCtrl (ListeCtrl.java:370) - tous les mots
06:20:17.958 INFO c.s.zk.controller.ListeCtrl (ListeCtrl.java:370) - tous les mots
06:31:18.923 INFO c.s.zk.controller.ListeCtrl (ListeCtrl.java:370) - tous les mots
06:31:19.162 INFO c.s.zk.controller.ListeCtrl (ListeCtrl.java:370) - tous les mots
06:42:20.132 INFO c.s.zk.controller.ListeCtrl (ListeCtrl.java:370) - tous les mots
06:42:20.324 INFO c.s.zk.controller.ListeCtrl (ListeCtrl.java:370) - tous les mots
06:53:21.435 INFO c.s.zk.controller.ListeCtrl (ListeCtrl.java:370) - tous les mots
06:53:21.628 INFO c.s.zk.controller.ListeCtrl (ListeCtrl.java:370) - tous les mots
07:04:22.613 INFO c.s.zk.controller.ListeCtrl (ListeCtrl.java:370) - tous les mots
07:04:22.819 INFO c.s.zk.controller.ListeCtrl (ListeCtrl.java:370) - tous les mots
07:15:23.995 INFO c.s.zk.controller.ListeCtrl (ListeCtrl.java:370) - tous les mots
07:15:24.205 INFO c.s.zk.controller.ListeCtrl (ListeCtrl.java:370) - tous les mots
07:26:25.159 INFO c.s.zk.controller.ListeCtrl (ListeCtrl.java:370) - tous les mots
07:26:25.359 INFO c.s.zk.controller.ListeCtrl (ListeCtrl.java:370) - tous les mots
07:37:26.354 INFO c.s.zk.controller.ListeCtrl (ListeCtrl.java:370) - tous les mots
07:37:26.586 INFO c.s.zk.controller.ListeCtrl (ListeCtrl.java:370) - tous les mots
07:48:27.633 INFO c.s.zk.controller.ListeCtrl (ListeCtrl.java:370) - tous les mots
07:48:27.825 INFO c.s.zk.controller.ListeCtrl (ListeCtrl.java:370) - tous les mots
07:59:28.823 INFO c.s.zk.controller.ListeCtrl (ListeCtrl.java:370) - tous les mots
07:59:29.042 INFO c.s.zk.controller.ListeCtrl (ListeCtrl.java:370) - tous les mots
08:10:30.000 INFO c.s.zk.controller.ListeCtrl (ListeCtrl.java:370) - tous les mots
08:10:30.196 INFO c.s.zk.controller.ListeCtrl (ListeCtrl.java:370) - tous les mots
08:21:31.152 INFO c.s.zk.controller.ListeCtrl (ListeCtrl.java:370) - tous les mots
08:21:31.347 INFO c.s.zk.controller.ListeCtrl (ListeCtrl.java:370) - tous les mots
08:32:32.294 INFO c.s.zk.controller.ListeCtrl (ListeCtrl.java:370) - tous les mots
08:32:32.485 INFO c.s.zk.controller.ListeCtrl (ListeCtrl.java:370) - tous les mots
08:43:33.408 INFO c.s.zk.controller.ListeCtrl (ListeCtrl.java:370) - tous les mots
08:43:33.719 INFO c.s.zk.controller.ListeCtrl (ListeCtrl.java:370) - tous les mots
08:54:34.714 INFO c.s.zk.controller.ListeCtrl (ListeCtrl.java:370) - tous les mots
08:54:34.949 INFO c.s.zk.controller.ListeCtrl (ListeCtrl.java:370) - tous les mots
09:05:35.927 INFO c.s.zk.controller.ListeCtrl (ListeCtrl.java:370) - tous les mots
09:05:36.135 INFO c.s.zk.controller.ListeCtrl (ListeCtrl.java:370) - tous les mots
09:16:37.097 INFO c.s.zk.controller.ListeCtrl (ListeCtrl.java:370) - tous les mots
09:16:37.295 INFO c.s.zk.controller.ListeCtrl (ListeCtrl.java:370) - tous les mots
09:27:38.217 INFO c.s.zk.controller.ListeCtrl (ListeCtrl.java:370) - tous les mots
09:27:38.414 INFO c.s.zk.controller.ListeCtrl (ListeCtrl.java:370) - tous les mots
09:38:39.378 INFO c.s.zk.controller.ListeCtrl (ListeCtrl.java:370) - tous les mots
09:38:39.605 INFO c.s.zk.controller.ListeCtrl (ListeCtrl.java:370) - tous les mots
09:49:40.570 INFO c.s.zk.controller.ListeCtrl (ListeCtrl.java:370) - tous les mots
09:49:40.764 INFO c.s.zk.controller.ListeCtrl (ListeCtrl.java:370) - tous les mots
10:00:41.841 INFO c.s.zk.controller.ListeCtrl (ListeCtrl.java:370) - tous les mots
10:00:42.043 INFO c.s.zk.controller.ListeCtrl (ListeCtrl.java:370) - tous les mots
10:11:42.993 INFO c.s.zk.controller.ListeCtrl (ListeCtrl.java:370) - tous les mots
10:11:43.187 INFO c.s.zk.controller.ListeCtrl (ListeCtrl.java:370) - tous les mots
10:22:44.154 INFO c.s.zk.controller.ListeCtrl (ListeCtrl.java:370) - tous les mots
10:22:44.366 INFO c.s.zk.controller.ListeCtrl (ListeCtrl.java:370) - tous les mots
10:33:45.318 INFO c.s.zk.controller.ListeCtrl (ListeCtrl.java:370) - tous les mots
10:33:45.519 INFO c.s.zk.controller.ListeCtrl (ListeCtrl.java:370) - tous les mots
10:44:46.470 INFO c.s.zk.controller.ListeCtrl (ListeCtrl.java:370) - tous les mots
10:44:46.662 INFO c.s.zk.controller.ListeCtrl (ListeCtrl.java:370) - tous les mots
10:55:47.611 INFO c.s.zk.controller.ListeCtrl (ListeCtrl.java:370) - tous les mots
10:55:47.809 INFO c.s.zk.controller.ListeCtrl (ListeCtrl.java:370) - tous les mots
11:06:48.807 INFO c.s.zk.controller.ListeCtrl (ListeCtrl.java:370) - tous les mots
11:06:49.031 INFO c.s.zk.controller.ListeCtrl (ListeCtrl.java:370) - tous les mots
11:17:49.922 INFO c.s.zk.controller.ListeCtrl (ListeCtrl.java:370) - tous les mots
11:17:50.126 INFO c.s.zk.controller.ListeCtrl (ListeCtrl.java:370) - tous les mots
11:28:51.146 INFO c.s.zk.controller.ListeCtrl (ListeCtrl.java:370) - tous les mots
11:28:51.340 INFO c.s.zk.controller.ListeCtrl (ListeCtrl.java:370) - tous les mots
11:39:52.449 INFO c.s.zk.controller.ListeCtrl (ListeCtrl.java:370) - tous les mots
11:39:52.649 INFO c.s.zk.controller.ListeCtrl (ListeCtrl.java:370) - tous les mots
11:50:54.136 INFO c.s.zk.controller.ListeCtrl (ListeCtrl.java:370) - tous les mots
11:50:54.339 INFO c.s.zk.controller.ListeCtrl (ListeCtrl.java:370) - tous les mots
12:01:55.319 INFO c.s.zk.controller.ListeCtrl (ListeCtrl.java:370) - tous les mots
12:01:55.521 INFO c.s.zk.controller.ListeCtrl (ListeCtrl.java:370) - tous les mots
12:12:56.576 INFO c.s.zk.controller.ListeCtrl (ListeCtrl.java:370) - tous les mots
12:12:56.784 INFO c.s.zk.controller.ListeCtrl (ListeCtrl.java:370) - tous les mots
12:23:57.689 INFO c.s.zk.controller.ListeCtrl (ListeCtrl.java:370) - tous les mots
12:23:57.884 INFO c.s.zk.controller.ListeCtrl (ListeCtrl.java:370) - tous les mots
12:34:58.899 INFO c.s.zk.controller.ListeCtrl (ListeCtrl.java:370) - tous les mots
12:34:59.114 INFO c.s.zk.controller.ListeCtrl (ListeCtrl.java:370) - tous les mots
12:46:00.001 INFO c.s.zk.controller.ListeCtrl (ListeCtrl.java:370) - tous les mots
12:46:00.228 INFO c.s.zk.controller.ListeCtrl (ListeCtrl.java:370) - tous les mots
12:57:01.167 INFO c.s.zk.controller.ListeCtrl (ListeCtrl.java:370) - tous les mots
12:57:01.361 INFO c.s.zk.controller.ListeCtrl (ListeCtrl.java:370) - tous les mots
13:08:02.374 INFO c.s.zk.controller.ListeCtrl (ListeCtrl.java:370) - tous les mots
13:08:02.570 INFO c.s.zk.controller.ListeCtrl (ListeCtrl.java:370) - tous les mots
13:19:03.617 INFO c.s.zk.controller.ListeCtrl (ListeCtrl.java:370) - tous les mots
13:19:03.816 INFO c.s.zk.controller.ListeCtrl (ListeCtrl.java:370) - tous les mots
13:30:04.740 INFO c.s.zk.controller.ListeCtrl (ListeCtrl.java:370) - tous les mots
13:30:04.994 INFO c.s.zk.controller.ListeCtrl (ListeCtrl.java:370) - tous les mots
13:41:06.024 INFO c.s.zk.controller.ListeCtrl (ListeCtrl.java:370) - tous les mots
13:41:06.219 INFO c.s.zk.controller.ListeCtrl (ListeCtrl.java:370) - tous les mots
13:52:07.248 INFO c.s.zk.controller.ListeCtrl (ListeCtrl.java:370) - tous les mots
13:52:07.443 INFO c.s.zk.controller.ListeCtrl (ListeCtrl.java:370) - tous les mots
13:57:39.438 INFO c.s.zk.controller.ListeCtrl (ListeCtrl.java:370) - tous les mots
13:57:39.636 INFO c.s.zk.controller.ListeCtrl (ListeCtrl.java:370) - tous les mots
13:58:03.150 INFO c.s.zk.controller.ListeCtrl (ListeCtrl.java:370) - tous les mots
13:58:03.352 INFO c.s.zk.controller.ListeCtrl (ListeCtrl.java:370) - tous les mots
13:58:24.283 INFO c.s.zk.controller.ListeCtrl (ListeCtrl.java:370) - tous les mots
13:58:24.483 INFO c.s.zk.controller.ListeCtrl (ListeCtrl.java:370) - tous les mots
13:58:36.857 INFO c.s.zk.controller.ListeCtrl (ListeCtrl.java:370) - tous les mots
13:58:37.132 INFO c.s.zk.controller.ListeCtrl (ListeCtrl.java:370) - tous les mots
13:59:20.530 INFO c.s.zk.controller.ContexteCtrl (ContexteCtrl.java:316) - les contextes du mot « manger »
13:59:43.780 INFO c.s.zk.controller.ContexteCtrl (ContexteCtrl.java:316) - les contextes de toutes les formes du mot « manger »
13:59:45.987 INFO c.s.zk.controller.ContexteCtrl (ContexteCtrl.java:316) - les contextes de toutes les formes du mot « manger »
14:00:08.443 INFO c.s.zk.controller.ContexteCtrl (ContexteCtrl.java:316) - les contextes de toutes les formes du mot « manger »
14:01:30.901 INFO c.s.zk.controller.ContexteCtrl (ContexteCtrl.java:316) - les contextes de toutes les formes du mot « manger »
14:01:33.499 INFO c.s.zk.controller.ContexteCtrl (ContexteCtrl.java:316) - les contextes de toutes les formes du mot « manger »
14:03:08.425 INFO c.s.zk.controller.ListeCtrl (ListeCtrl.java:370) - tous les mots
14:03:08.634 INFO c.s.zk.controller.ListeCtrl (ListeCtrl.java:370) - tous les mots
14:06:06.117 INFO c.s.zk.controller.ListeCtrl (ListeCtrl.java:370) - tous les mots
14:06:47.504 INFO c.s.zk.controller.ListeCtrl (ListeCtrl.java:370) - tous les mots
14:06:56.978 INFO c.s.zk.controller.ListeCtrl (ListeCtrl.java:370) - tous les mots
14:07:07.497 INFO c.s.zk.controller.ListeCtrl (ListeCtrl.java:370) - tous les mots
14:07:36.716 INFO c.s.zk.controller.ListeCtrl (ListeCtrl.java:370) - tous les mots
14:07:38.891 INFO c.s.zk.controller.ListeCtrl (ListeCtrl.java:370) - tous les mots
14:07:40.198 INFO c.s.zk.controller.ListeCtrl (ListeCtrl.java:370) - tous les mots
14:07:46.766 INFO c.s.zk.controller.ListeCtrl (ListeCtrl.java:370) - tous les mots
14:07:49.330 INFO c.s.zk.controller.ListeCtrl (ListeCtrl.java:370) - tous les mots
14:07:49.523 INFO c.s.zk.controller.ListeCtrl (ListeCtrl.java:370) - tous les mots
14:08:00.986 INFO c.s.zk.controller.ContexteCtrl (ContexteCtrl.java:316) - les contextes de toutes les formes du mot « manger »
14:08:21.920 INFO c.s.zk.controller.ListeCtrl (ListeCtrl.java:370) - tous les mots
14:09:17.173 INFO c.s.zk.controller.ListeCtrl (ListeCtrl.java:370) - tous les mots
14:09:17.365 INFO c.s.zk.controller.ListeCtrl (ListeCtrl.java:370) - tous les mots
14:14:09.725 INFO c.s.zk.controller.ListeCtrl (ListeCtrl.java:370) - tous les mots
14:14:09.918 INFO c.s.zk.controller.ListeCtrl (ListeCtrl.java:370) - tous les mots
14:21:10.625 INFO c.s.zk.controller.ListeCtrl (ListeCtrl.java:370) - tous les mots
14:21:10.816 INFO c.s.zk.controller.ListeCtrl (ListeCtrl.java:370) - tous les mots
14:25:10.916 INFO c.s.zk.controller.ListeCtrl (ListeCtrl.java:370) - tous les mots
14:25:11.156 INFO c.s.zk.controller.ListeCtrl (ListeCtrl.java:370) - tous les mots
14:27:41.518 INFO c.s.zk.controller.ListeCtrl (ListeCtrl.java:370) - tous les mots
14:27:41.712 INFO c.s.zk.controller.ListeCtrl (ListeCtrl.java:370) - tous les mots
14:32:17.422 INFO c.s.zk.controller.ListeCtrl (ListeCtrl.java:370) - tous les mots
14:32:17.664 INFO c.s.zk.controller.ListeCtrl (ListeCtrl.java:370) - tous les mots
14:36:12.077 INFO c.s.zk.controller.ListeCtrl (ListeCtrl.java:370) - tous les mots
14:36:12.328 INFO c.s.zk.controller.ListeCtrl (ListeCtrl.java:370) - tous les mots
14:38:48.212 INFO c.s.zk.controller.ListeCtrl (ListeCtrl.java:370) - tous les mots
14:38:48.403 INFO c.s.zk.controller.ListeCtrl (ListeCtrl.java:370) - tous les mots
14:46:09.281 INFO c.s.zk.controller.ListeCtrl (ListeCtrl.java:370) - tous les mots
14:46:09.564 INFO c.s.zk.controller.ListeCtrl (ListeCtrl.java:370) - tous les mots
14:47:13.353 INFO c.s.zk.controller.ListeCtrl (ListeCtrl.java:370) - tous les mots
14:47:13.570 INFO c.s.zk.controller.ListeCtrl (ListeCtrl.java:370) - tous les mots
14:50:02.706 INFO c.s.zk.controller.ListeCtrl (ListeCtrl.java:370) - tous les mots
14:50:02.949 INFO c.s.zk.controller.ListeCtrl (ListeCtrl.java:370) - tous les mots
14:50:07.455 INFO c.s.zk.controller.ListeCtrl (ListeCtrl.java:370) - tous les mots
14:50:07.668 INFO c.s.zk.controller.ListeCtrl (ListeCtrl.java:370) - tous les mots
14:57:14.807 INFO c.s.zk.controller.ListeCtrl (ListeCtrl.java:370) - tous les mots
14:57:15.014 INFO c.s.zk.controller.ListeCtrl (ListeCtrl.java:370) - tous les mots
14:58:14.552 INFO c.s.zk.controller.ListeCtrl (ListeCtrl.java:370) - tous les mots
14:58:14.757 INFO c.s.zk.controller.ListeCtrl (ListeCtrl.java:370) - tous les mots
15:01:07.168 INFO c.s.zk.controller.ListeCtrl (ListeCtrl.java:370) - tous les mots
15:01:07.470 INFO c.s.zk.controller.ListeCtrl (ListeCtrl.java:370) - tous les mots
15:01:24.396 INFO c.s.zk.controller.ListeCtrl (ListeCtrl.java:370) - tous les mots
15:01:24.593 INFO c.s.zk.controller.ListeCtrl (ListeCtrl.java:370) - tous les mots
15:08:38.208 INFO c.s.zk.controller.ListeCtrl (ListeCtrl.java:370) - tous les mots
15:08:38.406 INFO c.s.zk.controller.ListeCtrl (ListeCtrl.java:370) - tous les mots
15:09:15.706 INFO c.s.zk.controller.ListeCtrl (ListeCtrl.java:370) - tous les mots
15:09:15.905 INFO c.s.zk.controller.ListeCtrl (ListeCtrl.java:370) - tous les mots
15:12:11.103 INFO c.s.zk.controller.ListeCtrl (ListeCtrl.java:370) - tous les mots
15:12:11.313 INFO c.s.zk.controller.ListeCtrl (ListeCtrl.java:370) - tous les mots
15:12:39.388 INFO c.s.zk.controller.ListeCtrl (ListeCtrl.java:370) - tous les mots
15:12:39.635 INFO c.s.zk.controller.ListeCtrl (ListeCtrl.java:370) - tous les mots
15:20:16.813 INFO c.s.zk.controller.ListeCtrl (ListeCtrl.java:370) - tous les mots
15:20:17.023 INFO c.s.zk.controller.ListeCtrl (ListeCtrl.java:370) - tous les mots
15:24:16.451 INFO c.s.zk.controller.ListeCtrl (ListeCtrl.java:370) - tous les mots
15:24:16.645 INFO c.s.zk.controller.ListeCtrl (ListeCtrl.java:370) - tous les mots
15:27:58.452 INFO c.s.zk.controller.ListeCtrl (ListeCtrl.java:370) - tous les mots
15:27:58.642 INFO c.s.zk.controller.ListeCtrl (ListeCtrl.java:370) - tous les mots
15:29:09.854 INFO c.s.zk.controller.ContexteCtrl (ContexteCtrl.java:316) - les contextes du mot « patate »
15:29:41.378 INFO c.s.zk.controller.ContexteCtrl (ContexteCtrl.java:316) - les contextes du mot « paiement »
15:31:18.072 INFO c.s.zk.controller.ListeCtrl (ListeCtrl.java:370) - tous les mots
15:31:18.298 INFO c.s.zk.controller.ListeCtrl (ListeCtrl.java:370) - tous les mots
15:42:19.220 INFO c.s.zk.controller.ListeCtrl (ListeCtrl.java:370) - tous les mots
15:42:19.413 INFO c.s.zk.controller.ListeCtrl (ListeCtrl.java:370) - tous les mots
15:53:20.423 INFO c.s.zk.controller.ListeCtrl (ListeCtrl.java:370) - tous les mots
15:53:20.615 INFO c.s.zk.controller.ListeCtrl (ListeCtrl.java:370) - tous les mots
16:04:21.572 INFO c.s.zk.controller.ListeCtrl (ListeCtrl.java:370) - tous les mots
16:04:21.798 INFO c.s.zk.controller.ListeCtrl (ListeCtrl.java:370) - tous les mots
16:15:22.718 INFO c.s.zk.controller.ListeCtrl (ListeCtrl.java:370) - tous les mots
16:15:22.914 INFO c.s.zk.controller.ListeCtrl (ListeCtrl.java:370) - tous les mots
16:26:23.903 INFO c.s.zk.controller.ListeCtrl (ListeCtrl.java:370) - tous les mots
16:26:24.113 INFO c.s.zk.controller.ListeCtrl (ListeCtrl.java:370) - tous les mots
16:27:47.397 INFO c.s.zk.controller.ListeCtrl (ListeCtrl.java:370) - tous les mots
16:27:47.592 INFO c.s.zk.controller.ListeCtrl (ListeCtrl.java:370) - tous les mots
16:37:25.017 INFO c.s.zk.controller.ListeCtrl (ListeCtrl.java:370) - tous les mots
16:37:25.210 INFO c.s.zk.controller.ListeCtrl (ListeCtrl.java:370) - tous les mots
16:38:48.683 INFO c.s.zk.controller.ListeCtrl (ListeCtrl.java:370) - tous les mots
16:38:48.878 INFO c.s.zk.controller.ListeCtrl (ListeCtrl.java:370) - tous les mots
16:43:40.437 INFO c.s.zk.controller.ListeCtrl (ListeCtrl.java:370) - les mots qui se terminent par les lettres « tion »
16:44:08.439 INFO c.s.zk.controller.ListeCtrl (ListeCtrl.java:370) - les mots qui se terminent par les lettres « tion »
16:44:09.540 INFO c.s.zk.controller.ListeCtrl (ListeCtrl.java:370) - les mots qui se terminent par les lettres « tion »
16:44:26.545 INFO c.s.zk.controller.ListeCtrl (ListeCtrl.java:370) - les mots qui se terminent par les lettres « tion »
16:45:32.694 INFO c.s.zk.controller.ListeCtrl (ListeCtrl.java:370) - les mots qui commencent par les lettres « tion »
16:45:37.183 INFO c.s.zk.controller.ListeCtrl (ListeCtrl.java:370) - les mots qui commencent par les lettres « tion »
16:48:26.139 INFO c.s.zk.controller.ListeCtrl (ListeCtrl.java:370) - tous les mots
16:48:26.334 INFO c.s.zk.controller.ListeCtrl (ListeCtrl.java:370) - tous les mots
16:49:03.845 INFO c.s.zk.controller.ListeCtrl (ListeCtrl.java:370) - tous les mots
16:49:04.094 INFO c.s.zk.controller.ListeCtrl (ListeCtrl.java:370) - tous les mots
16:49:16.846 INFO c.s.zk.controller.ListeCtrl (ListeCtrl.java:370) - les mots qui commencent par les lettres « tion »
16:49:25.557 INFO c.s.zk.controller.ListeCtrl (ListeCtrl.java:370) - les mots qui commencent par les lettres « tion »
16:49:34.327 INFO c.s.zk.controller.ListeCtrl (ListeCtrl.java:370) - tous les mots
16:49:52.414 INFO c.s.zk.controller.ListeCtrl (ListeCtrl.java:370) - tous les mots
16:50:09.981 INFO c.s.zk.controller.ListeCtrl (ListeCtrl.java:370) - tous les mots
16:50:16.013 INFO c.s.zk.controller.ListeCtrl (ListeCtrl.java:370) - tous les mots
16:51:10.224 INFO c.s.zk.controller.ListeCtrl (ListeCtrl.java:370) - tous les mots
16:59:27.337 INFO c.s.zk.controller.ListeCtrl (ListeCtrl.java:370) - tous les mots
16:59:27.533 INFO c.s.zk.controller.ListeCtrl (ListeCtrl.java:370) - tous les mots
17:00:25.834 INFO c.s.zk.controller.ListeCtrl (ListeCtrl.java:370) - tous les mots
17:00:26.039 INFO c.s.zk.controller.ListeCtrl (ListeCtrl.java:370) - tous les mots
17:05:05.789 INFO c.s.zk.controller.ListeCtrl (ListeCtrl.java:370) - tous les mots
17:05:06.001 INFO c.s.zk.controller.ListeCtrl (ListeCtrl.java:370) - tous les mots
17:10:28.439 INFO c.s.zk.controller.ListeCtrl (ListeCtrl.java:370) - tous les mots
17:10:28.673 INFO c.s.zk.controller.ListeCtrl (ListeCtrl.java:370) - tous les mots
17:21:29.653 INFO c.s.zk.controller.ListeCtrl (ListeCtrl.java:370) - tous les mots
17:21:29.845 INFO c.s.zk.controller.ListeCtrl (ListeCtrl.java:370) - tous les mots
17:27:07.457 INFO c.s.zk.controller.ListeCtrl (ListeCtrl.java:370) - tous les mots
17:27:07.652 INFO c.s.zk.controller.ListeCtrl (ListeCtrl.java:370) - tous les mots
17:32:30.787 INFO c.s.zk.controller.ListeCtrl (ListeCtrl.java:370) - tous les mots
17:32:30.993 INFO c.s.zk.controller.ListeCtrl (ListeCtrl.java:370) - tous les mots
17:43:31.981 INFO c.s.zk.controller.ListeCtrl (ListeCtrl.java:370) - tous les mots
17:43:32.176 INFO c.s.zk.controller.ListeCtrl (ListeCtrl.java:370) - tous les mots
17:54:33.091 INFO c.s.zk.controller.ListeCtrl (ListeCtrl.java:370) - tous les mots
17:54:33.287 INFO c.s.zk.controller.ListeCtrl (ListeCtrl.java:370) - tous les mots
18:05:34.271 INFO c.s.zk.controller.ListeCtrl (ListeCtrl.java:370) - tous les mots
18:05:34.481 INFO c.s.zk.controller.ListeCtrl (ListeCtrl.java:370) - tous les mots
18:16:35.450 INFO c.s.zk.controller.ListeCtrl (ListeCtrl.java:370) - tous les mots
18:16:35.644 INFO c.s.zk.controller.ListeCtrl (ListeCtrl.java:370) - tous les mots
18:27:36.635 INFO c.s.zk.controller.ListeCtrl (ListeCtrl.java:370) - tous les mots
18:27:36.884 INFO c.s.zk.controller.ListeCtrl (ListeCtrl.java:370) - tous les mots
18:38:37.857 INFO c.s.zk.controller.ListeCtrl (ListeCtrl.java:370) - tous les mots
18:38:38.064 INFO c.s.zk.controller.ListeCtrl (ListeCtrl.java:370) - tous les mots
18:49:39.027 INFO c.s.zk.controller.ListeCtrl (ListeCtrl.java:370) - tous les mots
18:49:39.228 INFO c.s.zk.controller.ListeCtrl (ListeCtrl.java:370) - tous les mots
19:00:40.182 INFO c.s.zk.controller.ListeCtrl (ListeCtrl.java:370) - tous les mots
19:00:40.378 INFO c.s.zk.controller.ListeCtrl (ListeCtrl.java:370) - tous les mots
19:11:41.364 INFO c.s.zk.controller.ListeCtrl (ListeCtrl.java:370) - tous les mots
19:11:41.582 INFO c.s.zk.controller.ListeCtrl (ListeCtrl.java:370) - tous les mots
19:22:42.586 INFO c.s.zk.controller.ListeCtrl (ListeCtrl.java:370) - tous les mots
19:22:42.784 INFO c.s.zk.controller.ListeCtrl (ListeCtrl.java:370) - tous les mots
19:33:43.767 INFO c.s.zk.controller.ListeCtrl (ListeCtrl.java:370) - tous les mots
19:33:43.963 INFO c.s.zk.controller.ListeCtrl (ListeCtrl.java:370) - tous les mots
19:44:44.892 INFO c.s.zk.controller.ListeCtrl (ListeCtrl.java:370) - tous les mots
19:44:45.100 INFO c.s.zk.controller.ListeCtrl (ListeCtrl.java:370) - tous les mots
19:55:46.076 INFO c.s.zk.controller.ListeCtrl (ListeCtrl.java:370) - tous les mots
19:55:46.273 INFO c.s.zk.controller.ListeCtrl (ListeCtrl.java:370) - tous les mots
20:06:47.192 INFO c.s.zk.controller.ListeCtrl (ListeCtrl.java:370) - tous les mots
20:06:47.387 INFO c.s.zk.controller.ListeCtrl (ListeCtrl.java:370) - tous les mots
20:17:48.410 INFO c.s.zk.controller.ListeCtrl (ListeCtrl.java:370) - tous les mots
20:17:48.606 INFO c.s.zk.controller.ListeCtrl (ListeCtrl.java:370) - tous les mots
20:28:49.557 INFO c.s.zk.controller.ListeCtrl (ListeCtrl.java:370) - tous les mots
20:28:49.752 INFO c.s.zk.controller.ListeCtrl (ListeCtrl.java:370) - tous les mots
20:39:50.694 INFO c.s.zk.controller.ListeCtrl (ListeCtrl.java:370) - tous les mots
20:39:50.890 INFO c.s.zk.controller.ListeCtrl (ListeCtrl.java:370) - tous les mots
20:50:51.815 INFO c.s.zk.controller.ListeCtrl (ListeCtrl.java:370) - tous les mots
20:50:52.027 INFO c.s.zk.controller.ListeCtrl (ListeCtrl.java:370) - tous les mots
21:01:52.950 INFO c.s.zk.controller.ListeCtrl (ListeCtrl.java:370) - tous les mots
21:01:53.154 INFO c.s.zk.controller.ListeCtrl (ListeCtrl.java:370) - tous les mots
21:12:54.102 INFO c.s.zk.controller.ListeCtrl (ListeCtrl.java:370) - tous les mots
21:12:54.300 INFO c.s.zk.controller.ListeCtrl (ListeCtrl.java:370) - tous les mots
21:23:55.273 INFO c.s.zk.controller.ListeCtrl (ListeCtrl.java:370) - tous les mots
21:23:55.487 INFO c.s.zk.controller.ListeCtrl (ListeCtrl.java:370) - tous les mots
21:34:56.440 INFO c.s.zk.controller.ListeCtrl (ListeCtrl.java:370) - tous les mots
21:34:56.637 INFO c.s.zk.controller.ListeCtrl (ListeCtrl.java:370) - tous les mots
21:45:57.590 INFO c.s.zk.controller.ListeCtrl (ListeCtrl.java:370) - tous les mots
21:45:57.785 INFO c.s.zk.controller.ListeCtrl (ListeCtrl.java:370) - tous les mots
21:56:58.687 INFO c.s.zk.controller.ListeCtrl (ListeCtrl.java:370) - tous les mots
21:56:58.892 INFO c.s.zk.controller.ListeCtrl (ListeCtrl.java:370) - tous les mots
22:07:59.852 INFO c.s.zk.controller.ListeCtrl (ListeCtrl.java:370) - tous les mots
22:08:00.054 INFO c.s.zk.controller.ListeCtrl (ListeCtrl.java:370) - tous les mots
22:19:00.983 INFO c.s.zk.controller.ListeCtrl (ListeCtrl.java:370) - tous les mots
22:19:01.182 INFO c.s.zk.controller.ListeCtrl (ListeCtrl.java:370) - tous les mots
22:30:02.110 INFO c.s.zk.controller.ListeCtrl (ListeCtrl.java:370) - tous les mots
22:30:02.304 INFO c.s.zk.controller.ListeCtrl (ListeCtrl.java:370) - tous les mots
22:41:03.402 INFO c.s.zk.controller.ListeCtrl (ListeCtrl.java:370) - tous les mots
22:41:03.599 INFO c.s.zk.controller.ListeCtrl (ListeCtrl.java:370) - tous les mots
22:52:04.733 INFO c.s.zk.controller.ListeCtrl (ListeCtrl.java:370) - tous les mots
22:52:04.928 INFO c.s.zk.controller.ListeCtrl (ListeCtrl.java:370) - tous les mots
23:03:05.822 INFO c.s.zk.controller.ListeCtrl (ListeCtrl.java:370) - tous les mots
23:03:06.024 INFO c.s.zk.controller.ListeCtrl (ListeCtrl.java:370) - tous les mots
23:14:06.987 INFO c.s.zk.controller.ListeCtrl (ListeCtrl.java:370) - tous les mots
23:14:07.196 INFO c.s.zk.controller.ListeCtrl (ListeCtrl.java:370) - tous les mots
23:25:08.158 INFO c.s.zk.controller.ListeCtrl (ListeCtrl.java:370) - tous les mots
23:25:08.353 INFO c.s.zk.controller.ListeCtrl (ListeCtrl.java:370) - tous les mots
23:36:09.378 INFO c.s.zk.controller.ListeCtrl (ListeCtrl.java:370) - tous les mots
23:36:09.572 INFO c.s.zk.controller.ListeCtrl (ListeCtrl.java:370) - tous les mots
23:47:10.499 INFO c.s.zk.controller.ListeCtrl (ListeCtrl.java:370) - tous les mots
23:47:10.694 INFO c.s.zk.controller.ListeCtrl (ListeCtrl.java:370) - tous les mots
23:58:11.628 INFO c.s.zk.controller.ListeCtrl (ListeCtrl.java:370) - tous les mots
23:58:11.858 INFO c.s.zk.controller.ListeCtrl (ListeCtrl.java:370) - tous les mots
