14:55:01.674 INFO o.s.web.context.ContextLoader (ContextLoader.java:272) - Root WebApplicationContext: initialization started
14:55:01.793 INFO o.s.w.c.s.XmlWebApplicationContext (AbstractApplicationContext.java:500) - Refreshing Root WebApplicationContext: startup date [Tue Apr 15 14:55:01 EDT 2014]; root of context hierarchy
14:55:01.848 INFO o.s.b.f.xml.XmlBeanDefinitionReader (XmlBeanDefinitionReader.java:315) - Loading XML bean definitions from ServletContext resource [/WEB-INF/system-context.xml]
14:55:02.089 INFO o.s.b.f.xml.XmlBeanDefinitionReader (XmlBeanDefinitionReader.java:315) - Loading XML bean definitions from ServletContext resource [/WEB-INF/application-context.xml]
14:55:02.492 INFO o.s.b.f.xml.XmlBeanDefinitionReader (XmlBeanDefinitionReader.java:315) - Loading XML bean definitions from ServletContext resource [/WEB-INF/security-app-context.xml]
14:55:02.647 INFO o.s.s.core.SpringSecurityCoreVersion (SpringSecurityCoreVersion.java:33) - You are running with Spring Security Core 3.1.2.RELEASE
14:55:02.648 INFO o.s.s.c.SecurityNamespaceHandler (SecurityNamespaceHandler.java:59) - Spring Security 'config' module version is 3.1.2.RELEASE
14:55:02.740 INFO o.s.s.c.h.FilterInvocationSecurityMetadataSourceParser (FilterInvocationSecurityMetadataSourceParser.java:134) - Creating access control expression attribute 'true' for /zkau/**
14:55:02.741 INFO o.s.s.c.h.FilterInvocationSecurityMetadataSourceParser (FilterInvocationSecurityMetadataSourceParser.java:134) - Creating access control expression attribute 'true' for /entete.zul
14:55:02.741 INFO o.s.s.c.h.FilterInvocationSecurityMetadataSourceParser (FilterInvocationSecurityMetadataSourceParser.java:134) - Creating access control expression attribute 'true' for /index.zul
14:55:02.741 INFO o.s.s.c.h.FilterInvocationSecurityMetadataSourceParser (FilterInvocationSecurityMetadataSourceParser.java:134) - Creating access control expression attribute 'true' for /contextes.zul
14:55:02.741 INFO o.s.s.c.h.FilterInvocationSecurityMetadataSourceParser (FilterInvocationSecurityMetadataSourceParser.java:134) - Creating access control expression attribute 'hasRole('ROLE_ADMINISTRATEUR')' for /admin/**
14:55:02.742 INFO o.s.s.c.h.FilterInvocationSecurityMetadataSourceParser (FilterInvocationSecurityMetadataSourceParser.java:134) - Creating access control expression attribute 'true' for /**
14:55:02.795 INFO o.s.s.c.h.HttpSecurityBeanDefinitionParser (HttpSecurityBeanDefinitionParser.java:264) - Checking sorted filter chain: [Root bean: class [org.springframework.security.web.context.SecurityContextPersistenceFilter]; scope=; abstract=false; lazyInit=false; autowireMode=0; dependencyCheck=0; autowireCandidate=true; primary=false; factoryBeanName=null; factoryMethodName=null; initMethodName=null; destroyMethodName=null, order = 300, Root bean: class [org.springframework.security.web.authentication.logout.LogoutFilter]; scope=; abstract=false; lazyInit=false; autowireMode=0; dependencyCheck=0; autowireCandidate=true; primary=false; factoryBeanName=null; factoryMethodName=null; initMethodName=null; destroyMethodName=null, order = 400, <org.springframework.security.web.authentication.UsernamePasswordAuthenticationFilter#0>, order = 800, Root bean: class [org.springframework.security.web.savedrequest.RequestCacheAwareFilter]; scope=; abstract=false; lazyInit=false; autowireMode=0; dependencyCheck=0; autowireCandidate=true; primary=false; factoryBeanName=null; factoryMethodName=null; initMethodName=null; destroyMethodName=null, order = 1300, Root bean: class [org.springframework.security.web.servletapi.SecurityContextHolderAwareRequestFilter]; scope=; abstract=false; lazyInit=false; autowireMode=0; dependencyCheck=0; autowireCandidate=true; primary=false; factoryBeanName=null; factoryMethodName=null; initMethodName=null; destroyMethodName=null, order = 1400, Root bean: class [org.springframework.security.web.authentication.AnonymousAuthenticationFilter]; scope=; abstract=false; lazyInit=false; autowireMode=0; dependencyCheck=0; autowireCandidate=true; primary=false; factoryBeanName=null; factoryMethodName=null; initMethodName=null; destroyMethodName=null, order = 1700, Root bean: class [org.springframework.security.web.session.SessionManagementFilter]; scope=; abstract=false; lazyInit=false; autowireMode=0; dependencyCheck=0; autowireCandidate=true; primary=false; factoryBeanName=null; factoryMethodName=null; initMethodName=null; destroyMethodName=null, order = 1800, Root bean: class [org.springframework.security.web.access.ExceptionTranslationFilter]; scope=; abstract=false; lazyInit=false; autowireMode=0; dependencyCheck=0; autowireCandidate=true; primary=false; factoryBeanName=null; factoryMethodName=null; initMethodName=null; destroyMethodName=null, order = 1900, <org.springframework.security.web.access.intercept.FilterSecurityInterceptor#0>, order = 2000]
14:55:02.811 INFO o.s.b.f.s.DefaultListableBeanFactory (DefaultListableBeanFactory.java:647) - Overriding bean definition for bean 'dataSource': replacing [Generic bean: class [org.springframework.jndi.JndiObjectFactoryBean]; scope=; abstract=false; lazyInit=false; autowireMode=0; dependencyCheck=0; autowireCandidate=true; primary=false; factoryBeanName=null; factoryMethodName=null; initMethodName=null; destroyMethodName=null] with [Generic bean: class [org.springframework.jndi.JndiObjectFactoryBean]; scope=; abstract=false; lazyInit=false; autowireMode=0; dependencyCheck=0; autowireCandidate=true; primary=false; factoryBeanName=null; factoryMethodName=null; initMethodName=null; destroyMethodName=null]
14:55:03.279 INFO o.s.w.c.s.XmlWebApplicationContext (AbstractApplicationContext.java:1355) - Bean 'dataSource' of type [class org.springframework.jndi.JndiObjectFactoryBean] is not eligible for getting processed by all BeanPostProcessors (for example: not eligible for auto-proxying)
14:55:03.280 INFO o.s.w.c.s.XmlWebApplicationContext (AbstractApplicationContext.java:1355) - Bean 'dataSource' of type [class org.apache.commons.dbcp.BasicDataSource] is not eligible for getting processed by all BeanPostProcessors (for example: not eligible for auto-proxying)
14:55:03.303 INFO o.s.w.c.s.XmlWebApplicationContext (AbstractApplicationContext.java:1355) - Bean 'org.springframework.orm.jpa.vendor.HibernateJpaVendorAdapter#c0b4ef2' of type [class org.springframework.orm.jpa.vendor.HibernateJpaVendorAdapter] is not eligible for getting processed by all BeanPostProcessors (for example: not eligible for auto-proxying)
14:55:03.352 INFO o.s.o.j.LocalContainerEntityManagerFactoryBean (LocalContainerEntityManagerFactoryBean.java:264) - Building JPA container EntityManagerFactory for persistence unit 'default'
14:55:03.509 INFO o.h.annotations.common.Version (Version.java:37) - Hibernate Commons Annotations 3.2.0.Final
14:55:03.513 INFO org.hibernate.cfg.Environment (Environment.java:603) - Hibernate 3.6.4.Final
14:55:03.515 INFO org.hibernate.cfg.Environment (Environment.java:636) - hibernate.properties not found
14:55:03.517 INFO org.hibernate.cfg.Environment (Environment.java:814) - Bytecode provider name : javassist
14:55:03.519 INFO org.hibernate.cfg.Environment (Environment.java:695) - using JDK 1.4 java.sql.Timestamp handling
14:55:03.562 INFO org.hibernate.ejb.Version (Version.java:42) - Hibernate EntityManager 3.6.4.Final
14:55:03.570 INFO org.hibernate.ejb.Ejb3Configuration (Ejb3Configuration.java:523) - Processing PersistenceUnitInfo [
	name: default
	...]
14:55:03.761 INFO org.hibernate.cfg.AnnotationBinder (AnnotationBinder.java:532) - Binding entity from annotated class: com.servicelibre.entities.ui.Paramètre
14:55:03.785 INFO o.h.cfg.annotations.EntityBinder (EntityBinder.java:530) - Bind entity com.servicelibre.entities.ui.Paramètre on table Paramètre
14:55:03.813 INFO org.hibernate.cfg.AnnotationBinder (AnnotationBinder.java:532) - Binding entity from annotated class: com.servicelibre.entities.ui.Onglet
14:55:03.813 INFO o.h.cfg.annotations.EntityBinder (EntityBinder.java:530) - Bind entity com.servicelibre.entities.ui.Onglet on table Onglet
14:55:03.819 INFO org.hibernate.cfg.AnnotationBinder (AnnotationBinder.java:532) - Binding entity from annotated class: com.servicelibre.entities.corpus.Liste
14:55:03.819 INFO o.h.cfg.annotations.EntityBinder (EntityBinder.java:530) - Bind entity com.servicelibre.entities.corpus.Liste on table Liste
14:55:03.881 INFO org.hibernate.cfg.AnnotationBinder (AnnotationBinder.java:532) - Binding entity from annotated class: com.servicelibre.entities.corpus.Corpus
14:55:03.881 INFO o.h.cfg.annotations.EntityBinder (EntityBinder.java:530) - Bind entity com.servicelibre.entities.corpus.Corpus on table Corpus
14:55:03.925 INFO org.hibernate.cfg.AnnotationBinder (AnnotationBinder.java:532) - Binding entity from annotated class: com.servicelibre.entities.corpus.TypeDocumentSource
14:55:03.925 INFO o.h.cfg.annotations.EntityBinder (EntityBinder.java:530) - Bind entity com.servicelibre.entities.corpus.TypeDocumentSource on table TypeDocumentSource
14:55:03.928 INFO org.hibernate.cfg.AnnotationBinder (AnnotationBinder.java:532) - Binding entity from annotated class: com.servicelibre.entities.corpus.Prononciation
14:55:03.929 INFO o.h.cfg.annotations.EntityBinder (EntityBinder.java:530) - Bind entity com.servicelibre.entities.corpus.Prononciation on table Prononciation
14:55:03.934 INFO org.hibernate.cfg.AnnotationBinder (AnnotationBinder.java:532) - Binding entity from annotated class: com.servicelibre.entities.corpus.Utilisateur
14:55:03.934 INFO o.h.cfg.annotations.EntityBinder (EntityBinder.java:530) - Bind entity com.servicelibre.entities.corpus.Utilisateur on table Utilisateur
14:55:03.945 INFO org.hibernate.cfg.AnnotationBinder (AnnotationBinder.java:532) - Binding entity from annotated class: com.servicelibre.entities.corpus.MotPrononciation
14:55:03.946 INFO o.h.cfg.annotations.EntityBinder (EntityBinder.java:530) - Bind entity com.servicelibre.entities.corpus.MotPrononciation on table MotPrononciation
14:55:03.947 INFO org.hibernate.cfg.AnnotationBinder (AnnotationBinder.java:532) - Binding entity from annotated class: com.servicelibre.entities.corpus.Mot
14:55:03.947 INFO o.h.cfg.annotations.EntityBinder (EntityBinder.java:530) - Bind entity com.servicelibre.entities.corpus.Mot on table Mot
14:55:03.961 INFO org.hibernate.cfg.AnnotationBinder (AnnotationBinder.java:532) - Binding entity from annotated class: com.servicelibre.entities.corpus.DocMetadata
14:55:03.961 INFO o.h.cfg.annotations.EntityBinder (EntityBinder.java:530) - Bind entity com.servicelibre.entities.corpus.DocMetadata on table DocMetadata
14:55:03.970 INFO org.hibernate.cfg.AnnotationBinder (AnnotationBinder.java:532) - Binding entity from annotated class: com.servicelibre.entities.corpus.ListeMot
14:55:03.972 INFO o.h.cfg.annotations.EntityBinder (EntityBinder.java:530) - Bind entity com.servicelibre.entities.corpus.ListeMot on table ListeMot
14:55:03.974 INFO org.hibernate.cfg.AnnotationBinder (AnnotationBinder.java:532) - Binding entity from annotated class: com.servicelibre.entities.corpus.Contexte
14:55:03.974 INFO o.h.cfg.annotations.EntityBinder (EntityBinder.java:530) - Bind entity com.servicelibre.entities.corpus.Contexte on table Contexte
14:55:03.979 INFO org.hibernate.cfg.AnnotationBinder (AnnotationBinder.java:532) - Binding entity from annotated class: com.servicelibre.entities.corpus.CatégorieListe
14:55:03.979 INFO o.h.cfg.annotations.EntityBinder (EntityBinder.java:530) - Bind entity com.servicelibre.entities.corpus.CatégorieListe on table CatégorieListe
14:55:03.991 INFO org.hibernate.cfg.AnnotationBinder (AnnotationBinder.java:532) - Binding entity from annotated class: com.servicelibre.entities.corpus.Rôle
14:55:03.991 INFO o.h.cfg.annotations.EntityBinder (EntityBinder.java:530) - Bind entity com.servicelibre.entities.corpus.Rôle on table Rôle
14:55:03.992 INFO org.hibernate.cfg.AnnotationBinder (AnnotationBinder.java:532) - Binding entity from annotated class: com.servicelibre.entities.corpus.UtilisateurRôle
14:55:03.993 INFO o.h.cfg.annotations.EntityBinder (EntityBinder.java:530) - Bind entity com.servicelibre.entities.corpus.UtilisateurRôle on table UtilisateurRôle
14:55:03.994 INFO org.hibernate.cfg.AnnotationBinder (AnnotationBinder.java:532) - Binding entity from annotated class: com.servicelibre.entities.corpus.TypeContexte
14:55:04.001 INFO o.h.cfg.annotations.EntityBinder (EntityBinder.java:530) - Bind entity com.servicelibre.entities.corpus.TypeContexte on table TypeContexte
14:55:04.013 INFO o.h.cfg.annotations.CollectionBinder (CollectionBinder.java:762) - Mapping collection: com.servicelibre.entities.corpus.Liste.listeMots -> ListeMot
14:55:04.014 INFO o.h.cfg.annotations.CollectionBinder (CollectionBinder.java:762) - Mapping collection: com.servicelibre.entities.corpus.Corpus.catégoriesListes -> CatégorieListe
14:55:04.014 INFO o.h.cfg.annotations.CollectionBinder (CollectionBinder.java:762) - Mapping collection: com.servicelibre.entities.corpus.Corpus.métadonnéesDoc -> DocMetadata
14:55:04.014 INFO o.h.cfg.annotations.CollectionBinder (CollectionBinder.java:762) - Mapping collection: com.servicelibre.entities.corpus.Prononciation.motPrononciations -> MotPrononciation
14:55:04.015 INFO o.h.cfg.annotations.CollectionBinder (CollectionBinder.java:762) - Mapping collection: com.servicelibre.entities.corpus.Utilisateur.catégorieListes -> CatégorieListe
14:55:04.015 INFO o.h.cfg.annotations.CollectionBinder (CollectionBinder.java:762) - Mapping collection: com.servicelibre.entities.corpus.Utilisateur.contextes -> Contexte
14:55:04.015 INFO o.h.cfg.annotations.CollectionBinder (CollectionBinder.java:762) - Mapping collection: com.servicelibre.entities.corpus.Utilisateur.listes -> Liste
14:55:04.015 INFO o.h.cfg.annotations.CollectionBinder (CollectionBinder.java:762) - Mapping collection: com.servicelibre.entities.corpus.Utilisateur.mots -> Mot
14:55:04.015 INFO o.h.cfg.annotations.CollectionBinder (CollectionBinder.java:762) - Mapping collection: com.servicelibre.entities.corpus.Utilisateur.utilisateurRôles -> UtilisateurRôle
14:55:04.016 INFO o.h.cfg.annotations.CollectionBinder (CollectionBinder.java:762) - Mapping collection: com.servicelibre.entities.corpus.Mot.listeMots -> ListeMot
14:55:04.016 INFO o.h.cfg.annotations.CollectionBinder (CollectionBinder.java:762) - Mapping collection: com.servicelibre.entities.corpus.Mot.motPrononciations -> MotPrononciation
14:55:04.016 INFO o.h.cfg.annotations.CollectionBinder (CollectionBinder.java:762) - Mapping collection: com.servicelibre.entities.corpus.ListeMot.contextes -> Contexte
14:55:04.016 INFO o.h.cfg.annotations.CollectionBinder (CollectionBinder.java:762) - Mapping collection: com.servicelibre.entities.corpus.CatégorieListe.listes -> Liste
14:55:04.016 INFO o.h.cfg.annotations.CollectionBinder (CollectionBinder.java:762) - Mapping collection: com.servicelibre.entities.corpus.Rôle.utilisateurRôles -> UtilisateurRôle
14:55:04.017 INFO o.h.cfg.annotations.CollectionBinder (CollectionBinder.java:762) - Mapping collection: com.servicelibre.entities.corpus.TypeContexte.contextes -> Contexte
14:55:04.018 INFO org.hibernate.cfg.Configuration (Configuration.java:1676) - Hibernate Validator not found: ignoring
14:55:04.060 INFO o.h.c.s.HibernateSearchEventListenerRegister (HibernateSearchEventListenerRegister.java:75) - Unable to find org.hibernate.search.event.FullTextIndexEventListener on the classpath. Hibernate Search is not enabled.
14:55:04.063 INFO o.h.c.ConnectionProviderFactory (ConnectionProviderFactory.java:173) - Initializing connection provider: org.hibernate.ejb.connection.InjectedDataSourceConnectionProvider
14:55:04.068 INFO o.h.e.c.InjectedDataSourceConnectionProvider (InjectedDataSourceConnectionProvider.java:62) - Using provided datasource
14:55:04.267 INFO org.hibernate.dialect.Dialect (Dialect.java:135) - Using dialect: org.hibernate.dialect.PostgreSQLDialect
14:55:04.277 INFO o.h.engine.jdbc.JdbcSupportLoader (JdbcSupportLoader.java:79) - Disabling contextual LOB creation as JDBC driver reported JDBC version [3] less than 4
14:55:04.277 INFO org.hibernate.cfg.SettingsFactory (SettingsFactory.java:126) - Database ->
       name : PostgreSQL
    version : 9.1.13
      major : 9
      minor : 1
14:55:04.277 INFO org.hibernate.cfg.SettingsFactory (SettingsFactory.java:132) - Driver ->
       name : PostgreSQL Native Driver
    version : PostgreSQL 9.0 JDBC3 (build 801)
      major : 9
      minor : 0
14:55:04.278 INFO o.h.t.TransactionFactoryFactory (TransactionFactoryFactory.java:62) - Using default transaction strategy (direct JDBC transactions)
14:55:04.279 INFO o.h.t.TransactionManagerLookupFactory (TransactionManagerLookupFactory.java:83) - No TransactionManagerLookup configured (in JTA environment, use of read-write or transactional second-level cache is not recommended)
14:55:04.279 INFO org.hibernate.cfg.SettingsFactory (SettingsFactory.java:179) - Automatic flush during beforeCompletion(): disabled
14:55:04.280 INFO org.hibernate.cfg.SettingsFactory (SettingsFactory.java:183) - Automatic session close at end of transaction: disabled
14:55:04.280 INFO org.hibernate.cfg.SettingsFactory (SettingsFactory.java:190) - JDBC batch size: 15
14:55:04.280 INFO org.hibernate.cfg.SettingsFactory (SettingsFactory.java:193) - JDBC batch updates for versioned data: disabled
14:55:04.280 INFO org.hibernate.cfg.SettingsFactory (SettingsFactory.java:198) - Scrollable result sets: enabled
14:55:04.280 INFO org.hibernate.cfg.SettingsFactory (SettingsFactory.java:206) - JDBC3 getGeneratedKeys(): enabled
14:55:04.281 INFO org.hibernate.cfg.SettingsFactory (SettingsFactory.java:214) - Connection release mode: auto
14:55:04.281 INFO org.hibernate.cfg.SettingsFactory (SettingsFactory.java:241) - Default batch fetch size: 1
14:55:04.281 INFO org.hibernate.cfg.SettingsFactory (SettingsFactory.java:245) - Generate SQL with comments: disabled
14:55:04.281 INFO org.hibernate.cfg.SettingsFactory (SettingsFactory.java:249) - Order SQL updates by primary key: disabled
14:55:04.282 INFO org.hibernate.cfg.SettingsFactory (SettingsFactory.java:253) - Order SQL inserts for batching: disabled
14:55:04.282 INFO org.hibernate.cfg.SettingsFactory (SettingsFactory.java:431) - Query translator: org.hibernate.hql.ast.ASTQueryTranslatorFactory
14:55:04.283 INFO o.h.h.ast.ASTQueryTranslatorFactory (ASTQueryTranslatorFactory.java:47) - Using ASTQueryTranslatorFactory
14:55:04.283 INFO org.hibernate.cfg.SettingsFactory (SettingsFactory.java:261) - Query language substitutions: {}
14:55:04.283 INFO org.hibernate.cfg.SettingsFactory (SettingsFactory.java:266) - JPA-QL strict compliance: enabled
14:55:04.283 INFO org.hibernate.cfg.SettingsFactory (SettingsFactory.java:271) - Second-level cache: enabled
14:55:04.283 INFO org.hibernate.cfg.SettingsFactory (SettingsFactory.java:275) - Query cache: disabled
14:55:04.284 INFO org.hibernate.cfg.SettingsFactory (SettingsFactory.java:406) - Cache region factory : org.hibernate.cache.impl.NoCachingRegionFactory
14:55:04.284 INFO org.hibernate.cfg.SettingsFactory (SettingsFactory.java:285) - Optimize cache for minimal puts: disabled
14:55:04.285 INFO org.hibernate.cfg.SettingsFactory (SettingsFactory.java:294) - Structured second-level cache entries: disabled
14:55:04.289 INFO org.hibernate.cfg.SettingsFactory (SettingsFactory.java:314) - Echoing all SQL to stdout
14:55:04.290 INFO org.hibernate.cfg.SettingsFactory (SettingsFactory.java:323) - Statistics: disabled
14:55:04.290 INFO org.hibernate.cfg.SettingsFactory (SettingsFactory.java:327) - Deleted entity synthetic identifier rollback: disabled
14:55:04.290 INFO org.hibernate.cfg.SettingsFactory (SettingsFactory.java:343) - Default entity-mode: pojo
14:55:04.290 INFO org.hibernate.cfg.SettingsFactory (SettingsFactory.java:347) - Named query checking : enabled
14:55:04.290 INFO org.hibernate.cfg.SettingsFactory (SettingsFactory.java:351) - Check Nullability in Core (should be disabled when Bean Validation is on): enabled
14:55:04.300 INFO o.hibernate.impl.SessionFactoryImpl (SessionFactoryImpl.java:202) - building session factory
14:55:04.303 INFO org.hibernate.type.BasicTypeRegistry (BasicTypeRegistry.java:150) - Type registration [materialized_blob] overrides previous : org.hibernate.type.MaterializedBlobType@5e46b372
14:55:04.635 INFO o.h.impl.SessionFactoryObjectFactory (SessionFactoryObjectFactory.java:105) - Not binding factory to JNDI, no JNDI name configured
14:55:04.640 INFO o.h.tool.hbm2ddl.SchemaUpdate (SchemaUpdate.java:155) - Running hbm2ddl schema update
14:55:04.641 INFO o.h.tool.hbm2ddl.SchemaUpdate (SchemaUpdate.java:167) - fetching database metadata
14:55:04.669 INFO o.h.tool.hbm2ddl.SchemaUpdate (SchemaUpdate.java:179) - updating schema
14:55:04.831 INFO o.h.tool.hbm2ddl.TableMetadata (TableMetadata.java:65) - table found: public.catégorieliste
14:55:04.832 INFO o.h.tool.hbm2ddl.TableMetadata (TableMetadata.java:66) - columns: [corpus_id, id, partition, description, ordre, utilisateur_id, publique, nom]
14:55:04.832 INFO o.h.tool.hbm2ddl.TableMetadata (TableMetadata.java:68) - foreign keys: [fkb5fdb434a69ca8d1, fkb5fdb434bbf0e923]
14:55:04.832 INFO o.h.tool.hbm2ddl.TableMetadata (TableMetadata.java:69) - indexes: [catégorieliste_pkey, catégorieliste_corpus_id_key]
14:55:04.858 INFO o.h.tool.hbm2ddl.TableMetadata (TableMetadata.java:65) - table found: public.contexte
14:55:04.859 INFO o.h.tool.hbm2ddl.TableMetadata (TableMetadata.java:66) - columns: [id, typecontexte_id, documentid, listemot_id, contexte, utilisateur_id, note]
14:55:04.859 INFO o.h.tool.hbm2ddl.TableMetadata (TableMetadata.java:68) - foreign keys: [fke209e4b63be0c811, fke209e4b6b7a6c2b1, fke209e4b6bbf0e923]
14:55:04.859 INFO o.h.tool.hbm2ddl.TableMetadata (TableMetadata.java:69) - indexes: [contexte_pkey]
14:55:04.903 INFO o.h.tool.hbm2ddl.TableMetadata (TableMetadata.java:65) - table found: public.corpus
14:55:04.903 INFO o.h.tool.hbm2ddl.TableMetadata (TableMetadata.java:66) - columns: [id, description, analyseurlexicalfqcn, pardéfaut, dossierdata, analyseurrecherchefqcn, nom]
14:55:04.903 INFO o.h.tool.hbm2ddl.TableMetadata (TableMetadata.java:68) - foreign keys: []
14:55:04.903 INFO o.h.tool.hbm2ddl.TableMetadata (TableMetadata.java:69) - indexes: [corpus_nom_key, corpus_pkey]
14:55:04.935 INFO o.h.tool.hbm2ddl.TableMetadata (TableMetadata.java:65) - table found: public.docmetadata
14:55:04.936 INFO o.h.tool.hbm2ddl.TableMetadata (TableMetadata.java:66) - columns: [corpus_id, id, champindex, description, ordre, rôle_id, remarquevaleurfiltre, valeurscachées, primaire, nom, filtre]
14:55:04.936 INFO o.h.tool.hbm2ddl.TableMetadata (TableMetadata.java:68) - foreign keys: [fkb8165467f22dd9b1, fkb8165467a69ca8d1]
14:55:04.936 INFO o.h.tool.hbm2ddl.TableMetadata (TableMetadata.java:69) - indexes: [docmetadata_pkey, docmetadata_corpus_id_key]
14:55:04.958 INFO o.h.tool.hbm2ddl.TableMetadata (TableMetadata.java:65) - table found: public.liste
14:55:04.959 INFO o.h.tool.hbm2ddl.TableMetadata (TableMetadata.java:66) - columns: [id, description, ordre, utilisateur_id, catégorie_id, publique, nom]
14:55:04.959 INFO o.h.tool.hbm2ddl.TableMetadata (TableMetadata.java:68) - foreign keys: [fk46073677ebe3ad2, fk4607367bbf0e923]
14:55:04.959 INFO o.h.tool.hbm2ddl.TableMetadata (TableMetadata.java:69) - indexes: [liste_pkey, liste_catégorie_id_key]
14:55:04.987 INFO o.h.tool.hbm2ddl.TableMetadata (TableMetadata.java:65) - table found: public.listemot
14:55:04.987 INFO o.h.tool.hbm2ddl.TableMetadata (TableMetadata.java:66) - columns: [mot_id, id, liste_id, note]
14:55:04.987 INFO o.h.tool.hbm2ddl.TableMetadata (TableMetadata.java:68) - foreign keys: [fk5416ae2bb5e863c3, fk5416ae2b37786563]
14:55:04.988 INFO o.h.tool.hbm2ddl.TableMetadata (TableMetadata.java:69) - indexes: [listemot_liste_id_key, listemot_pkey]
14:55:05.018 INFO o.h.tool.hbm2ddl.TableMetadata (TableMetadata.java:65) - table found: public.mot
14:55:05.019 INFO o.h.tool.hbm2ddl.TableMetadata (TableMetadata.java:66) - columns: [genre, lemmenote, ro, autregraphie, catgramprécision, lemme, motnote, listepartitionprimaire_id, id, nombre, catgram, mot, catgramaffichage, estunlemme, utilisateur_id, note]
14:55:05.019 INFO o.h.tool.hbm2ddl.TableMetadata (TableMetadata.java:68) - foreign keys: [fk12ef2bbf0e923, fk12ef2f9b55f86]
14:55:05.019 INFO o.h.tool.hbm2ddl.TableMetadata (TableMetadata.java:69) - indexes: [mot_pkey, mot_lemme_key]
14:55:05.041 INFO o.h.tool.hbm2ddl.TableMetadata (TableMetadata.java:65) - table found: public.motprononciation
14:55:05.041 INFO o.h.tool.hbm2ddl.TableMetadata (TableMetadata.java:66) - columns: [mot_id, id, prononciation_id, note]
14:55:05.041 INFO o.h.tool.hbm2ddl.TableMetadata (TableMetadata.java:68) - foreign keys: [fkbe785b7df3751763, fkbe785b7db5e863c3]
14:55:05.042 INFO o.h.tool.hbm2ddl.TableMetadata (TableMetadata.java:69) - indexes: [motprononciation_mot_id_key, motprononciation_pkey]
14:55:05.060 INFO o.h.tool.hbm2ddl.TableMetadata (TableMetadata.java:65) - table found: public.onglet
14:55:05.060 INFO o.h.tool.hbm2ddl.TableMetadata (TableMetadata.java:66) - columns: [id, iframe, visible, description, ordre, rôle_id, src, nom, idcomposant]
14:55:05.061 INFO o.h.tool.hbm2ddl.TableMetadata (TableMetadata.java:68) - foreign keys: [fk8d0d66d3f22dd9b1]
14:55:05.061 INFO o.h.tool.hbm2ddl.TableMetadata (TableMetadata.java:69) - indexes: [onglet_idcomposant_key, onglet_pkey]
14:55:05.078 INFO o.h.tool.hbm2ddl.TableMetadata (TableMetadata.java:65) - table found: public.paramètre
14:55:05.078 INFO o.h.tool.hbm2ddl.TableMetadata (TableMetadata.java:66) - columns: [id, valeur, description, nom]
14:55:05.079 INFO o.h.tool.hbm2ddl.TableMetadata (TableMetadata.java:68) - foreign keys: []
14:55:05.079 INFO o.h.tool.hbm2ddl.TableMetadata (TableMetadata.java:69) - indexes: [paramètre_nom_key, paramètre_pkey]
14:55:05.096 INFO o.h.tool.hbm2ddl.TableMetadata (TableMetadata.java:65) - table found: public.prononciation
14:55:05.096 INFO o.h.tool.hbm2ddl.TableMetadata (TableMetadata.java:66) - columns: [id, prononciation]
14:55:05.096 INFO o.h.tool.hbm2ddl.TableMetadata (TableMetadata.java:68) - foreign keys: []
14:55:05.097 INFO o.h.tool.hbm2ddl.TableMetadata (TableMetadata.java:69) - indexes: [prononciation_prononciation_key, prononciation_pkey]
14:55:05.114 INFO o.h.tool.hbm2ddl.TableMetadata (TableMetadata.java:65) - table found: public.rôle
14:55:05.114 INFO o.h.tool.hbm2ddl.TableMetadata (TableMetadata.java:66) - columns: [id, description, nom]
14:55:05.114 INFO o.h.tool.hbm2ddl.TableMetadata (TableMetadata.java:68) - foreign keys: []
14:55:05.114 INFO o.h.tool.hbm2ddl.TableMetadata (TableMetadata.java:69) - indexes: [rôle_pkey, rôle_nom_key]
14:55:05.134 INFO o.h.tool.hbm2ddl.TableMetadata (TableMetadata.java:65) - table found: public.typecontexte
14:55:05.134 INFO o.h.tool.hbm2ddl.TableMetadata (TableMetadata.java:66) - columns: [id, description, nom]
14:55:05.135 INFO o.h.tool.hbm2ddl.TableMetadata (TableMetadata.java:68) - foreign keys: []
14:55:05.135 INFO o.h.tool.hbm2ddl.TableMetadata (TableMetadata.java:69) - indexes: [typecontexte_nom_key, typecontexte_pkey]
14:55:05.152 INFO o.h.tool.hbm2ddl.TableMetadata (TableMetadata.java:65) - table found: public.typedocumentsource
14:55:05.152 INFO o.h.tool.hbm2ddl.TableMetadata (TableMetadata.java:66) - columns: [id, description, extracteurdedonnéesfqcn, nom]
14:55:05.153 INFO o.h.tool.hbm2ddl.TableMetadata (TableMetadata.java:68) - foreign keys: []
14:55:05.153 INFO o.h.tool.hbm2ddl.TableMetadata (TableMetadata.java:69) - indexes: [typedocumentsource_pkey]
14:55:05.173 INFO o.h.tool.hbm2ddl.TableMetadata (TableMetadata.java:65) - table found: public.utilisateur
14:55:05.173 INFO o.h.tool.hbm2ddl.TableMetadata (TableMetadata.java:66) - columns: [id, prénom, pseudo, courriel, motdepasse, nom]
14:55:05.173 INFO o.h.tool.hbm2ddl.TableMetadata (TableMetadata.java:68) - foreign keys: []
14:55:05.173 INFO o.h.tool.hbm2ddl.TableMetadata (TableMetadata.java:69) - indexes: [utilisateur_pkey, utilisateur_pseudo_key]
14:55:05.192 INFO o.h.tool.hbm2ddl.TableMetadata (TableMetadata.java:65) - table found: public.utilisateurrôle
14:55:05.192 INFO o.h.tool.hbm2ddl.TableMetadata (TableMetadata.java:66) - columns: [id, rôle_id, utilisateur_id, note]
14:55:05.192 INFO o.h.tool.hbm2ddl.TableMetadata (TableMetadata.java:68) - foreign keys: [fkfcb659bebbf0e923, fkfcb659bef22dd9b1]
14:55:05.192 INFO o.h.tool.hbm2ddl.TableMetadata (TableMetadata.java:69) - indexes: [utilisateurrôle_pkey]
14:55:05.193 INFO o.h.tool.hbm2ddl.SchemaUpdate (SchemaUpdate.java:217) - schema update complete
14:55:05.228 INFO o.s.w.c.s.XmlWebApplicationContext (AbstractApplicationContext.java:1355) - Bean 'entityManagerFactory' of type [class org.springframework.orm.jpa.LocalContainerEntityManagerFactoryBean] is not eligible for getting processed by all BeanPostProcessors (for example: not eligible for auto-proxying)
14:55:05.257 INFO o.s.w.c.s.XmlWebApplicationContext (AbstractApplicationContext.java:1355) - Bean 'org.springframework.transaction.annotation.AnnotationTransactionAttributeSource#0' of type [class org.springframework.transaction.annotation.AnnotationTransactionAttributeSource] is not eligible for getting processed by all BeanPostProcessors (for example: not eligible for auto-proxying)
14:55:05.258 INFO o.s.w.c.s.XmlWebApplicationContext (AbstractApplicationContext.java:1355) - Bean 'org.springframework.transaction.config.internalTransactionAdvisor' of type [class org.springframework.transaction.interceptor.BeanFactoryTransactionAttributeSourceAdvisor] is not eligible for getting processed by all BeanPostProcessors (for example: not eligible for auto-proxying)
14:55:05.276 INFO o.s.b.f.s.DefaultListableBeanFactory (DefaultListableBeanFactory.java:581) - Pre-instantiating singletons in org.springframework.beans.factory.support.DefaultListableBeanFactory@34451610: defining beans [listeFiltreManager,contexteFiltreManager,corpusService,formeService,transactionManager,org.springframework.aop.config.internalAutoProxyCreator,org.springframework.transaction.annotation.AnnotationTransactionAttributeSource#0,org.springframework.transaction.interceptor.TransactionInterceptor#0,org.springframework.transaction.config.internalTransactionAdvisor,org.springframework.context.annotation.internalConfigurationAnnotationProcessor,org.springframework.context.annotation.internalAutowiredAnnotationProcessor,org.springframework.context.annotation.internalRequiredAnnotationProcessor,org.springframework.context.annotation.internalCommonAnnotationProcessor,org.springframework.context.annotation.internalPersistenceAnnotationProcessor,typeDocumentSourceRepository,utilisateurRepository,docMetadataRepository,listeRepository,ongletRepository,utilisateurRôleRepository,catégorieListeRepository,motPrononciationRepository,motRepositoryImpl,motRepository,rôleRepository,listeMotRepository,corpusRepository,paramètreRepository,prononciationRepository,org.springframework.data.repository.core.support.RepositoryInterfaceAwareBeanPostProcessor#0,org.springframework.dao.annotation.PersistenceExceptionTranslationPostProcessor#0,org.springframework.orm.jpa.support.PersistenceAnnotationBeanPostProcessor#0,messageSource,org.springframework.security.filterChains,org.springframework.security.filterChainProxy,org.springframework.security.web.DefaultSecurityFilterChain#0,org.springframework.security.web.DefaultSecurityFilterChain#1,org.springframework.security.web.DefaultSecurityFilterChain#2,org.springframework.security.web.DefaultSecurityFilterChain#3,org.springframework.security.web.DefaultSecurityFilterChain#4,org.springframework.security.web.DefaultSecurityFilterChain#5,org.springframework.security.web.DefaultSecurityFilterChain#6,org.springframework.security.web.DefaultSecurityFilterChain#7,org.springframework.security.web.DefaultSecurityFilterChain#8,org.springframework.security.web.DefaultSecurityFilterChain#9,org.springframework.security.web.DefaultSecurityFilterChain#10,org.springframework.security.web.DefaultSecurityFilterChain#11,org.springframework.security.web.PortMapperImpl#0,org.springframework.security.web.PortResolverImpl#0,org.springframework.security.config.authentication.AuthenticationManagerFactoryBean#0,org.springframework.security.authentication.ProviderManager#0,org.springframework.security.web.context.HttpSessionSecurityContextRepository#0,org.springframework.security.web.authentication.session.SessionFixationProtectionStrategy#0,org.springframework.security.web.savedrequest.HttpSessionRequestCache#0,org.springframework.security.web.access.expression.DefaultWebSecurityExpressionHandler#0,org.springframework.security.access.vote.AffirmativeBased#0,org.springframework.security.web.access.intercept.FilterSecurityInterceptor#0,org.springframework.security.web.access.DefaultWebInvocationPrivilegeEvaluator#0,org.springframework.security.authentication.AnonymousAuthenticationProvider#0,org.springframework.security.web.authentication.UsernamePasswordAuthenticationFilter#0,org.springframework.security.userDetailsServiceFactory,org.springframework.security.web.DefaultSecurityFilterChain#12,corpusJpaAuthentificationProvider,org.springframework.security.authentication.DefaultAuthenticationEventPublisher#0,org.springframework.security.authenticationManager,dataSource,entityManagerFactory,org.springframework.context.annotation.ConfigurationClassPostProcessor$ImportAwareBeanPostProcessor#0]; root of factory hierarchy
14:55:05.793 INFO c.s.corpus.service.CorpusService (CorpusService.java:134) - Ouverture du corpus par défaut Corpus [id=2, nom=MELS-CJ, description=Outil interactif de recherche pour l'enseignement de l'orthographe d'usage au primaire, dossierData=/home/benoitm/src/franqus/MELS-cj/travail/index-new/, parDéfaut=true]
14:55:07.919 INFO c.s.corpus.service.FormeService (FormeService.java:222) - Tri des 314436 formes...
14:55:08.134 INFO c.s.corpus.service.FormeService (FormeService.java:224) - Tri des 314436 formes terminé.
14:55:08.202 INFO c.s.corpus.service.FormeService (FormeService.java:248) - Tri des 314436 formes sur base des lemmes...
14:55:09.111 INFO c.s.corpus.service.FormeService (FormeService.java:250) - Tri des 314436 formes sur base des lemmes terminé.
14:55:10.241 INFO o.s.s.web.DefaultSecurityFilterChain (DefaultSecurityFilterChain.java:28) - Creating filter chain: Ant [pattern='/css/**'], []
14:55:10.252 INFO o.s.s.web.DefaultSecurityFilterChain (DefaultSecurityFilterChain.java:28) - Creating filter chain: Ant [pattern='/images/**'], []
14:55:10.266 INFO o.s.s.web.DefaultSecurityFilterChain (DefaultSecurityFilterChain.java:28) - Creating filter chain: Ant [pattern='/js/**'], []
14:55:10.284 INFO o.s.s.web.DefaultSecurityFilterChain (DefaultSecurityFilterChain.java:28) - Creating filter chain: Ant [pattern='/authentification.zul'], []
14:55:10.286 INFO o.s.s.web.DefaultSecurityFilterChain (DefaultSecurityFilterChain.java:28) - Creating filter chain: Ant [pattern='/fichemot.zul'], []
14:55:10.315 INFO o.s.s.web.DefaultSecurityFilterChain (DefaultSecurityFilterChain.java:28) - Creating filter chain: Ant [pattern='/filtre.zul'], []
14:55:10.317 INFO o.s.s.web.DefaultSecurityFilterChain (DefaultSecurityFilterChain.java:28) - Creating filter chain: Ant [pattern='/historiquerecherches.zul'], []
14:55:10.337 INFO o.s.s.web.DefaultSecurityFilterChain (DefaultSecurityFilterChain.java:28) - Creating filter chain: Ant [pattern='/infocontexte.zul'], []
14:55:10.343 INFO o.s.s.web.DefaultSecurityFilterChain (DefaultSecurityFilterChain.java:28) - Creating filter chain: Ant [pattern='/infocooccurrents.zul'], []
14:55:10.365 INFO o.s.s.web.DefaultSecurityFilterChain (DefaultSecurityFilterChain.java:28) - Creating filter chain: Ant [pattern='/listes.zul'], []
14:55:10.371 INFO o.s.s.web.DefaultSecurityFilterChain (DefaultSecurityFilterChain.java:28) - Creating filter chain: Ant [pattern='/paniercontextes.zul'], []
14:55:10.392 INFO o.s.s.web.DefaultSecurityFilterChain (DefaultSecurityFilterChain.java:28) - Creating filter chain: Ant [pattern='/paniermots.zul'], []
14:55:11.136 INFO o.s.s.web.DefaultSecurityFilterChain (DefaultSecurityFilterChain.java:28) - Creating filter chain: org.springframework.security.web.util.AnyRequestMatcher@1, [org.springframework.security.web.context.SecurityContextPersistenceFilter@19aea6e2, org.springframework.security.web.authentication.logout.LogoutFilter@194e4c9a, org.springframework.security.web.authentication.UsernamePasswordAuthenticationFilter@63871f70, org.springframework.security.web.savedrequest.RequestCacheAwareFilter@3c21251c, org.springframework.security.web.servletapi.SecurityContextHolderAwareRequestFilter@240b701b, org.springframework.security.web.authentication.AnonymousAuthenticationFilter@6aed0f19, org.springframework.security.web.session.SessionManagementFilter@717a6926, org.springframework.security.web.access.ExceptionTranslationFilter@1b8d77fe, org.springframework.security.web.access.intercept.FilterSecurityInterceptor@64c0d2d3]
14:55:11.192 INFO o.s.s.c.h.DefaultFilterChainValidator (DefaultFilterChainValidator.java:122) - Checking whether login URL '/authentification.zul' is accessible with your configuration
14:55:11.270 INFO o.s.web.context.ContextLoader (ContextLoader.java:301) - Root WebApplicationContext: initialization completed in 9593 ms
14:57:49.759 INFO c.s.zk.controller.ListeCtrl (ListeCtrl.java:370) - tous les mots
14:57:53.275 INFO c.s.zk.controller.ListeCtrl (ListeCtrl.java:370) - tous les mots
14:58:44.563 INFO c.s.zk.controller.ListeCtrl (ListeCtrl.java:370) - les mots qui commencent par les lettres « pat »
14:58:51.788 INFO c.s.zk.controller.ContexteCtrl (ContexteCtrl.java:316) - les contextes du mot « toto »
15:09:52.524 INFO c.s.zk.controller.ListeCtrl (ListeCtrl.java:370) - tous les mots
15:09:52.928 INFO c.s.zk.controller.ListeCtrl (ListeCtrl.java:370) - tous les mots
15:20:56.396 INFO c.s.zk.controller.ListeCtrl (ListeCtrl.java:370) - tous les mots
15:20:56.734 INFO c.s.zk.controller.ListeCtrl (ListeCtrl.java:370) - tous les mots
15:31:59.036 INFO c.s.zk.controller.ListeCtrl (ListeCtrl.java:370) - tous les mots
15:31:59.340 INFO c.s.zk.controller.ListeCtrl (ListeCtrl.java:370) - tous les mots
15:43:02.865 INFO c.s.zk.controller.ListeCtrl (ListeCtrl.java:370) - tous les mots
15:43:03.064 INFO c.s.zk.controller.ListeCtrl (ListeCtrl.java:370) - tous les mots
15:54:04.588 INFO c.s.zk.controller.ListeCtrl (ListeCtrl.java:370) - tous les mots
15:54:04.930 INFO c.s.zk.controller.ListeCtrl (ListeCtrl.java:370) - tous les mots
16:05:07.829 INFO c.s.zk.controller.ListeCtrl (ListeCtrl.java:370) - tous les mots
16:05:08.010 INFO c.s.zk.controller.ListeCtrl (ListeCtrl.java:370) - tous les mots
16:16:10.916 INFO c.s.zk.controller.ListeCtrl (ListeCtrl.java:370) - tous les mots
16:16:11.205 INFO c.s.zk.controller.ListeCtrl (ListeCtrl.java:370) - tous les mots
16:27:14.834 INFO c.s.zk.controller.ListeCtrl (ListeCtrl.java:370) - tous les mots
16:27:15.008 INFO c.s.zk.controller.ListeCtrl (ListeCtrl.java:370) - tous les mots
16:38:17.881 INFO c.s.zk.controller.ListeCtrl (ListeCtrl.java:370) - tous les mots
16:38:18.075 INFO c.s.zk.controller.ListeCtrl (ListeCtrl.java:370) - tous les mots
16:49:21.060 INFO c.s.zk.controller.ListeCtrl (ListeCtrl.java:370) - tous les mots
16:49:21.667 INFO c.s.zk.controller.ListeCtrl (ListeCtrl.java:370) - tous les mots
17:00:25.838 INFO c.s.zk.controller.ListeCtrl (ListeCtrl.java:370) - tous les mots
17:00:26.017 INFO c.s.zk.controller.ListeCtrl (ListeCtrl.java:370) - tous les mots
17:11:28.830 INFO c.s.zk.controller.ListeCtrl (ListeCtrl.java:370) - tous les mots
17:11:29.010 INFO c.s.zk.controller.ListeCtrl (ListeCtrl.java:370) - tous les mots
17:22:31.866 INFO c.s.zk.controller.ListeCtrl (ListeCtrl.java:370) - tous les mots
17:22:32.046 INFO c.s.zk.controller.ListeCtrl (ListeCtrl.java:370) - tous les mots
17:33:34.845 INFO c.s.zk.controller.ListeCtrl (ListeCtrl.java:370) - tous les mots
17:33:35.022 INFO c.s.zk.controller.ListeCtrl (ListeCtrl.java:370) - tous les mots
17:44:37.852 INFO c.s.zk.controller.ListeCtrl (ListeCtrl.java:370) - tous les mots
17:44:38.064 INFO c.s.zk.controller.ListeCtrl (ListeCtrl.java:370) - tous les mots
17:55:40.876 INFO c.s.zk.controller.ListeCtrl (ListeCtrl.java:370) - tous les mots
17:55:41.165 INFO c.s.zk.controller.ListeCtrl (ListeCtrl.java:370) - tous les mots
18:06:43.836 INFO c.s.zk.controller.ListeCtrl (ListeCtrl.java:370) - tous les mots
18:06:44.029 INFO c.s.zk.controller.ListeCtrl (ListeCtrl.java:370) - tous les mots
18:17:46.825 INFO c.s.zk.controller.ListeCtrl (ListeCtrl.java:370) - tous les mots
18:17:47.007 INFO c.s.zk.controller.ListeCtrl (ListeCtrl.java:370) - tous les mots
18:28:49.876 INFO c.s.zk.controller.ListeCtrl (ListeCtrl.java:370) - tous les mots
18:28:50.163 INFO c.s.zk.controller.ListeCtrl (ListeCtrl.java:370) - tous les mots
18:39:53.852 INFO c.s.zk.controller.ListeCtrl (ListeCtrl.java:370) - tous les mots
18:39:54.056 INFO c.s.zk.controller.ListeCtrl (ListeCtrl.java:370) - tous les mots
18:50:56.843 INFO c.s.zk.controller.ListeCtrl (ListeCtrl.java:370) - tous les mots
18:50:57.047 INFO c.s.zk.controller.ListeCtrl (ListeCtrl.java:370) - tous les mots
19:02:00.879 INFO c.s.zk.controller.ListeCtrl (ListeCtrl.java:370) - tous les mots
19:02:01.175 INFO c.s.zk.controller.ListeCtrl (ListeCtrl.java:370) - tous les mots
19:13:03.840 INFO c.s.zk.controller.ListeCtrl (ListeCtrl.java:370) - tous les mots
19:13:04.055 INFO c.s.zk.controller.ListeCtrl (ListeCtrl.java:370) - tous les mots
19:24:06.842 INFO c.s.zk.controller.ListeCtrl (ListeCtrl.java:370) - tous les mots
19:24:07.046 INFO c.s.zk.controller.ListeCtrl (ListeCtrl.java:370) - tous les mots
19:35:09.892 INFO c.s.zk.controller.ListeCtrl (ListeCtrl.java:370) - tous les mots
19:35:10.105 INFO c.s.zk.controller.ListeCtrl (ListeCtrl.java:370) - tous les mots
19:46:12.831 INFO c.s.zk.controller.ListeCtrl (ListeCtrl.java:370) - tous les mots
19:46:13.010 INFO c.s.zk.controller.ListeCtrl (ListeCtrl.java:370) - tous les mots
19:57:15.827 INFO c.s.zk.controller.ListeCtrl (ListeCtrl.java:370) - tous les mots
19:57:15.999 INFO c.s.zk.controller.ListeCtrl (ListeCtrl.java:370) - tous les mots
20:08:18.868 INFO c.s.zk.controller.ListeCtrl (ListeCtrl.java:370) - tous les mots
20:08:19.159 INFO c.s.zk.controller.ListeCtrl (ListeCtrl.java:370) - tous les mots
20:19:21.869 INFO c.s.zk.controller.ListeCtrl (ListeCtrl.java:370) - tous les mots
20:19:22.163 INFO c.s.zk.controller.ListeCtrl (ListeCtrl.java:370) - tous les mots
20:30:25.820 INFO c.s.zk.controller.ListeCtrl (ListeCtrl.java:370) - tous les mots
20:30:26.024 INFO c.s.zk.controller.ListeCtrl (ListeCtrl.java:370) - tous les mots
20:41:28.880 INFO c.s.zk.controller.ListeCtrl (ListeCtrl.java:370) - tous les mots
20:41:29.175 INFO c.s.zk.controller.ListeCtrl (ListeCtrl.java:370) - tous les mots
20:52:31.830 INFO c.s.zk.controller.ListeCtrl (ListeCtrl.java:370) - tous les mots
20:52:32.008 INFO c.s.zk.controller.ListeCtrl (ListeCtrl.java:370) - tous les mots
21:03:34.835 INFO c.s.zk.controller.ListeCtrl (ListeCtrl.java:370) - tous les mots
21:03:35.021 INFO c.s.zk.controller.ListeCtrl (ListeCtrl.java:370) - tous les mots
21:14:37.868 INFO c.s.zk.controller.ListeCtrl (ListeCtrl.java:370) - tous les mots
21:14:38.160 INFO c.s.zk.controller.ListeCtrl (ListeCtrl.java:370) - tous les mots
21:25:40.823 INFO c.s.zk.controller.ListeCtrl (ListeCtrl.java:370) - tous les mots
21:25:41.031 INFO c.s.zk.controller.ListeCtrl (ListeCtrl.java:370) - tous les mots
21:36:43.823 INFO c.s.zk.controller.ListeCtrl (ListeCtrl.java:370) - tous les mots
21:36:44.004 INFO c.s.zk.controller.ListeCtrl (ListeCtrl.java:370) - tous les mots
21:47:46.908 INFO c.s.zk.controller.ListeCtrl (ListeCtrl.java:370) - tous les mots
21:47:47.211 INFO c.s.zk.controller.ListeCtrl (ListeCtrl.java:370) - tous les mots
21:58:50.822 INFO c.s.zk.controller.ListeCtrl (ListeCtrl.java:370) - tous les mots
21:58:50.996 INFO c.s.zk.controller.ListeCtrl (ListeCtrl.java:370) - tous les mots
22:09:53.827 INFO c.s.zk.controller.ListeCtrl (ListeCtrl.java:370) - tous les mots
22:09:54.003 INFO c.s.zk.controller.ListeCtrl (ListeCtrl.java:370) - tous les mots
22:20:56.832 INFO c.s.zk.controller.ListeCtrl (ListeCtrl.java:370) - tous les mots
22:20:57.144 INFO c.s.zk.controller.ListeCtrl (ListeCtrl.java:370) - tous les mots
22:31:59.825 INFO c.s.zk.controller.ListeCtrl (ListeCtrl.java:370) - tous les mots
22:32:00.003 INFO c.s.zk.controller.ListeCtrl (ListeCtrl.java:370) - tous les mots
22:43:02.836 INFO c.s.zk.controller.ListeCtrl (ListeCtrl.java:370) - tous les mots
22:43:03.028 INFO c.s.zk.controller.ListeCtrl (ListeCtrl.java:370) - tous les mots
22:54:05.896 INFO c.s.zk.controller.ListeCtrl (ListeCtrl.java:370) - tous les mots
22:54:06.205 INFO c.s.zk.controller.ListeCtrl (ListeCtrl.java:370) - tous les mots
23:05:08.863 INFO c.s.zk.controller.ListeCtrl (ListeCtrl.java:370) - tous les mots
23:05:09.181 INFO c.s.zk.controller.ListeCtrl (ListeCtrl.java:370) - tous les mots
23:16:11.829 INFO c.s.zk.controller.ListeCtrl (ListeCtrl.java:370) - tous les mots
23:16:12.048 INFO c.s.zk.controller.ListeCtrl (ListeCtrl.java:370) - tous les mots
23:27:14.864 INFO c.s.zk.controller.ListeCtrl (ListeCtrl.java:370) - tous les mots
23:27:15.154 INFO c.s.zk.controller.ListeCtrl (ListeCtrl.java:370) - tous les mots
23:38:17.886 INFO c.s.zk.controller.ListeCtrl (ListeCtrl.java:370) - tous les mots
23:38:18.182 INFO c.s.zk.controller.ListeCtrl (ListeCtrl.java:370) - tous les mots
23:49:20.835 INFO c.s.zk.controller.ListeCtrl (ListeCtrl.java:370) - tous les mots
23:49:21.031 INFO c.s.zk.controller.ListeCtrl (ListeCtrl.java:370) - tous les mots
